<?xml version="1.0" encoding="UTF-8"?>
<testng-results skipped="0" failed="0" total="1" passed="1">
  <reporter-output>
  </reporter-output>
  <suite name="TestAll" duration-ms="44887" started-at="2015-09-11T20:11:25Z" finished-at="2015-09-11T20:12:10Z">
    <groups>
    </groups>
    <test name="order" duration-ms="44887" started-at="2015-09-11T20:11:25Z" finished-at="2015-09-11T20:12:10Z">
      <class name="io.start.com.Alert">
        <test-method status="PASS" signature="loadApp()[pri:0, instance:io.start.com.Alert@23223dd8]" name="loadApp" is-config="true" duration-ms="44848" started-at="2015-09-11T16:11:25Z" finished-at="2015-09-11T16:12:10Z">
          <reporter-output>
          </reporter-output>
        </test-method> <!-- loadApp -->
        <test-method status="PASS" signature="checkAlert()[pri:0, instance:io.start.com.Alert@23223dd8]" name="checkAlert" duration-ms="9" started-at="2015-09-11T16:12:10Z" finished-at="2015-09-11T16:12:10Z">
          <reporter-output>
          </reporter-output>
        </test-method> <!-- checkAlert -->
      </class> <!-- io.start.com.Alert -->
    </test> <!-- order -->
  </suite> <!-- TestAll -->
</testng-results>
